Copyright 1986-2022 Xilinx, Inc. All Rights Reserved.
-----------------------------------------------------------------------------------------------------------------------------------------------------------------------------------
| Tool Version : Vivado v.2022.2 (win64) Build 3671981 Fri Oct 14 05:00:03 MDT 2022
| Date         : Sat Apr 27 20:32:46 2024
| Host         : wfy running 64-bit major release  (build 9200)
| Command      : report_methodology -file mb_usb_hdmi_top_methodology_drc_routed.rpt -pb mb_usb_hdmi_top_methodology_drc_routed.pb -rpx mb_usb_hdmi_top_methodology_drc_routed.rpx
| Design       : mb_usb_hdmi_top
| Device       : xc7s50csga324-1
| Speed File   : -1
| Design State : Fully Routed
-----------------------------------------------------------------------------------------------------------------------------------------------------------------------------------

Report Methodology

Table of Contents
-----------------
1. REPORT SUMMARY
2. REPORT DETAILS

1. REPORT SUMMARY
-----------------
            Netlist: netlist
          Floorplan: design_1
      Design limits: <entire design considered>
             Max violations: <unlimited>
             Violations found: 78
+-----------+------------------+----------------------------------------------------+------------+
| Rule      | Severity         | Description                                        | Violations |
+-----------+------------------+----------------------------------------------------+------------+
| TIMING-4  | Critical Warning | Invalid primary clock redefinition on a clock tree | 2          |
| TIMING-6  | Critical Warning | No common primary clock between related clocks     | 2          |
| TIMING-7  | Critical Warning | No common node between related clocks              | 2          |
| TIMING-27 | Critical Warning | Invalid primary clock on hierarchical pin          | 2          |
| DPIR-1    | Warning          | Asynchronous driver check                          | 19         |
| LUTAR-1   | Warning          | LUT drives async reset alert                       | 4          |
| TIMING-9  | Warning          | Unknown CDC Logic                                  | 1          |
| TIMING-16 | Warning          | Large setup violation                              | 12         |
| TIMING-18 | Warning          | Missing input or output delay                      | 34         |
+-----------+------------------+----------------------------------------------------+------------+

2. REPORT DETAILS
-----------------
TIMING-4#1 Critical Warning
Invalid primary clock redefinition on a clock tree  
Invalid clock redefinition on a clock tree. The primary clock mb_block_i/clk_wiz_1/inst/clk_in1 is defined downstream of clock clk_100 and overrides its insertion delay and/or waveform definition
Related violations: <none>

TIMING-4#2 Critical Warning
Invalid primary clock redefinition on a clock tree  
Invalid clock redefinition on a clock tree. The primary clock mb_block_i/hdmi_controller_0/inst/clk_wiz/inst/clk_in1 is defined downstream of clock clk_out1_mb_lab7_clk_wiz_1_0 and overrides its insertion delay and/or waveform definition
Related violations: <none>

TIMING-6#1 Critical Warning
No common primary clock between related clocks  
The clocks clk_out1_clk_wiz_0_1 and clk_out1_mb_lab7_clk_wiz_1_0 are related (timed together) but they have no common primary clock. The design could fail in hardware. To find a timing path between these clocks, run the following command: report_timing -from [get_clocks clk_out1_clk_wiz_0_1] -to [get_clocks clk_out1_mb_lab7_clk_wiz_1_0]
Related violations: <none>

TIMING-6#2 Critical Warning
No common primary clock between related clocks  
The clocks clk_out1_mb_lab7_clk_wiz_1_0 and clk_out1_clk_wiz_0_1 are related (timed together) but they have no common primary clock. The design could fail in hardware. To find a timing path between these clocks, run the following command: report_timing -from [get_clocks clk_out1_mb_lab7_clk_wiz_1_0] -to [get_clocks clk_out1_clk_wiz_0_1]
Related violations: <none>

TIMING-7#1 Critical Warning
No common node between related clocks  
The clocks clk_out1_clk_wiz_0_1 and clk_out1_mb_lab7_clk_wiz_1_0 are related (timed together) but they have no common node. The design could fail in hardware. To find a timing path between these clocks, run the following command: report_timing -from [get_clocks clk_out1_clk_wiz_0_1] -to [get_clocks clk_out1_mb_lab7_clk_wiz_1_0]
Related violations: <none>

TIMING-7#2 Critical Warning
No common node between related clocks  
The clocks clk_out1_mb_lab7_clk_wiz_1_0 and clk_out1_clk_wiz_0_1 are related (timed together) but they have no common node. The design could fail in hardware. To find a timing path between these clocks, run the following command: report_timing -from [get_clocks clk_out1_mb_lab7_clk_wiz_1_0] -to [get_clocks clk_out1_clk_wiz_0_1]
Related violations: <none>

TIMING-27#1 Critical Warning
Invalid primary clock on hierarchical pin  
A primary clock mb_block_i/clk_wiz_1/inst/clk_in1 is created on an inappropriate internal pin mb_block_i/clk_wiz_1/inst/clk_in1. It is not recommended to create a primary clock on a hierarchical pin when its driver pin has a fanout connected to multiple clock pins
Related violations: <none>

TIMING-27#2 Critical Warning
Invalid primary clock on hierarchical pin  
A primary clock mb_block_i/hdmi_controller_0/inst/clk_wiz/inst/clk_in1 is created on an inappropriate internal pin mb_block_i/hdmi_controller_0/inst/clk_wiz/inst/clk_in1. It is not recommended to create a primary clock on a hierarchical pin when its driver pin has a fanout connected to multiple clock pins
Related violations: <none>

DPIR-1#1 Warning
Asynchronous driver check  
DSP mb_block_i/hdmi_controller_0/inst/color_mapper_inst/pixel_addr input pin mb_block_i/hdmi_controller_0/inst/color_mapper_inst/pixel_addr/A[0] is connected to registers with an asynchronous reset. This is preventing the possibility of merging these registers in to the DSP Block since the DSP block registers only possess synchronous reset capability.  It is suggested to recode or change these registers to remove the reset or use a synchronous reset to get the best optimization for performance, power and area.
Related violations: <none>

DPIR-1#2 Warning
Asynchronous driver check  
DSP mb_block_i/hdmi_controller_0/inst/color_mapper_inst/pixel_addr input pin mb_block_i/hdmi_controller_0/inst/color_mapper_inst/pixel_addr/A[1] is connected to registers with an asynchronous reset. This is preventing the possibility of merging these registers in to the DSP Block since the DSP block registers only possess synchronous reset capability.  It is suggested to recode or change these registers to remove the reset or use a synchronous reset to get the best optimization for performance, power and area.
Related violations: <none>

DPIR-1#3 Warning
Asynchronous driver check  
DSP mb_block_i/hdmi_controller_0/inst/color_mapper_inst/pixel_addr input pin mb_block_i/hdmi_controller_0/inst/color_mapper_inst/pixel_addr/A[2] is connected to registers with an asynchronous reset. This is preventing the possibility of merging these registers in to the DSP Block since the DSP block registers only possess synchronous reset capability.  It is suggested to recode or change these registers to remove the reset or use a synchronous reset to get the best optimization for performance, power and area.
Related violations: <none>

DPIR-1#4 Warning
Asynchronous driver check  
DSP mb_block_i/hdmi_controller_0/inst/color_mapper_inst/pixel_addr input pin mb_block_i/hdmi_controller_0/inst/color_mapper_inst/pixel_addr/A[3] is connected to registers with an asynchronous reset. This is preventing the possibility of merging these registers in to the DSP Block since the DSP block registers only possess synchronous reset capability.  It is suggested to recode or change these registers to remove the reset or use a synchronous reset to get the best optimization for performance, power and area.
Related violations: <none>

DPIR-1#5 Warning
Asynchronous driver check  
DSP mb_block_i/hdmi_controller_0/inst/color_mapper_inst/pixel_addr input pin mb_block_i/hdmi_controller_0/inst/color_mapper_inst/pixel_addr/A[4] is connected to registers with an asynchronous reset. This is preventing the possibility of merging these registers in to the DSP Block since the DSP block registers only possess synchronous reset capability.  It is suggested to recode or change these registers to remove the reset or use a synchronous reset to get the best optimization for performance, power and area.
Related violations: <none>

DPIR-1#6 Warning
Asynchronous driver check  
DSP mb_block_i/hdmi_controller_0/inst/color_mapper_inst/pixel_addr input pin mb_block_i/hdmi_controller_0/inst/color_mapper_inst/pixel_addr/A[5] is connected to registers with an asynchronous reset. This is preventing the possibility of merging these registers in to the DSP Block since the DSP block registers only possess synchronous reset capability.  It is suggested to recode or change these registers to remove the reset or use a synchronous reset to get the best optimization for performance, power and area.
Related violations: <none>

DPIR-1#7 Warning
Asynchronous driver check  
DSP mb_block_i/hdmi_controller_0/inst/color_mapper_inst/pixel_addr input pin mb_block_i/hdmi_controller_0/inst/color_mapper_inst/pixel_addr/A[6] is connected to registers with an asynchronous reset. This is preventing the possibility of merging these registers in to the DSP Block since the DSP block registers only possess synchronous reset capability.  It is suggested to recode or change these registers to remove the reset or use a synchronous reset to get the best optimization for performance, power and area.
Related violations: <none>

DPIR-1#8 Warning
Asynchronous driver check  
DSP mb_block_i/hdmi_controller_0/inst/color_mapper_inst/pixel_addr input pin mb_block_i/hdmi_controller_0/inst/color_mapper_inst/pixel_addr/A[7] is connected to registers with an asynchronous reset. This is preventing the possibility of merging these registers in to the DSP Block since the DSP block registers only possess synchronous reset capability.  It is suggested to recode or change these registers to remove the reset or use a synchronous reset to get the best optimization for performance, power and area.
Related violations: <none>

DPIR-1#9 Warning
Asynchronous driver check  
DSP mb_block_i/hdmi_controller_0/inst/color_mapper_inst/pixel_addr input pin mb_block_i/hdmi_controller_0/inst/color_mapper_inst/pixel_addr/A[8] is connected to registers with an asynchronous reset. This is preventing the possibility of merging these registers in to the DSP Block since the DSP block registers only possess synchronous reset capability.  It is suggested to recode or change these registers to remove the reset or use a synchronous reset to get the best optimization for performance, power and area.
Related violations: <none>

DPIR-1#10 Warning
Asynchronous driver check  
DSP mb_block_i/hdmi_controller_0/inst/color_mapper_inst/pixel_addr input pin mb_block_i/hdmi_controller_0/inst/color_mapper_inst/pixel_addr/A[9] is connected to registers with an asynchronous reset. This is preventing the possibility of merging these registers in to the DSP Block since the DSP block registers only possess synchronous reset capability.  It is suggested to recode or change these registers to remove the reset or use a synchronous reset to get the best optimization for performance, power and area.
Related violations: <none>

DPIR-1#11 Warning
Asynchronous driver check  
DSP mb_block_i/hdmi_controller_0/inst/color_mapper_inst/pixel_addr input pin mb_block_i/hdmi_controller_0/inst/color_mapper_inst/pixel_addr/C[0] is connected to registers with an asynchronous reset. This is preventing the possibility of merging these registers in to the DSP Block since the DSP block registers only possess synchronous reset capability.  It is suggested to recode or change these registers to remove the reset or use a synchronous reset to get the best optimization for performance, power and area.
Related violations: <none>

DPIR-1#12 Warning
Asynchronous driver check  
DSP mb_block_i/hdmi_controller_0/inst/color_mapper_inst/pixel_addr input pin mb_block_i/hdmi_controller_0/inst/color_mapper_inst/pixel_addr/C[1] is connected to registers with an asynchronous reset. This is preventing the possibility of merging these registers in to the DSP Block since the DSP block registers only possess synchronous reset capability.  It is suggested to recode or change these registers to remove the reset or use a synchronous reset to get the best optimization for performance, power and area.
Related violations: <none>

DPIR-1#13 Warning
Asynchronous driver check  
DSP mb_block_i/hdmi_controller_0/inst/color_mapper_inst/pixel_addr input pin mb_block_i/hdmi_controller_0/inst/color_mapper_inst/pixel_addr/C[2] is connected to registers with an asynchronous reset. This is preventing the possibility of merging these registers in to the DSP Block since the DSP block registers only possess synchronous reset capability.  It is suggested to recode or change these registers to remove the reset or use a synchronous reset to get the best optimization for performance, power and area.
Related violations: <none>

DPIR-1#14 Warning
Asynchronous driver check  
DSP mb_block_i/hdmi_controller_0/inst/color_mapper_inst/pixel_addr input pin mb_block_i/hdmi_controller_0/inst/color_mapper_inst/pixel_addr/C[3] is connected to registers with an asynchronous reset. This is preventing the possibility of merging these registers in to the DSP Block since the DSP block registers only possess synchronous reset capability.  It is suggested to recode or change these registers to remove the reset or use a synchronous reset to get the best optimization for performance, power and area.
Related violations: <none>

DPIR-1#15 Warning
Asynchronous driver check  
DSP mb_block_i/hdmi_controller_0/inst/color_mapper_inst/pixel_addr input pin mb_block_i/hdmi_controller_0/inst/color_mapper_inst/pixel_addr/C[4] is connected to registers with an asynchronous reset. This is preventing the possibility of merging these registers in to the DSP Block since the DSP block registers only possess synchronous reset capability.  It is suggested to recode or change these registers to remove the reset or use a synchronous reset to get the best optimization for performance, power and area.
Related violations: <none>

DPIR-1#16 Warning
Asynchronous driver check  
DSP mb_block_i/hdmi_controller_0/inst/color_mapper_inst/pixel_addr input pin mb_block_i/hdmi_controller_0/inst/color_mapper_inst/pixel_addr/C[5] is connected to registers with an asynchronous reset. This is preventing the possibility of merging these registers in to the DSP Block since the DSP block registers only possess synchronous reset capability.  It is suggested to recode or change these registers to remove the reset or use a synchronous reset to get the best optimization for performance, power and area.
Related violations: <none>

DPIR-1#17 Warning
Asynchronous driver check  
DSP mb_block_i/hdmi_controller_0/inst/color_mapper_inst/pixel_addr input pin mb_block_i/hdmi_controller_0/inst/color_mapper_inst/pixel_addr/C[6] is connected to registers with an asynchronous reset. This is preventing the possibility of merging these registers in to the DSP Block since the DSP block registers only possess synchronous reset capability.  It is suggested to recode or change these registers to remove the reset or use a synchronous reset to get the best optimization for performance, power and area.
Related violations: <none>

DPIR-1#18 Warning
Asynchronous driver check  
DSP mb_block_i/hdmi_controller_0/inst/color_mapper_inst/pixel_addr input pin mb_block_i/hdmi_controller_0/inst/color_mapper_inst/pixel_addr/C[7] is connected to registers with an asynchronous reset. This is preventing the possibility of merging these registers in to the DSP Block since the DSP block registers only possess synchronous reset capability.  It is suggested to recode or change these registers to remove the reset or use a synchronous reset to get the best optimization for performance, power and area.
Related violations: <none>

DPIR-1#19 Warning
Asynchronous driver check  
DSP mb_block_i/hdmi_controller_0/inst/color_mapper_inst/pixel_addr input pin mb_block_i/hdmi_controller_0/inst/color_mapper_inst/pixel_addr/C[8] is connected to registers with an asynchronous reset. This is preventing the possibility of merging these registers in to the DSP Block since the DSP block registers only possess synchronous reset capability.  It is suggested to recode or change these registers to remove the reset or use a synchronous reset to get the best optimization for performance, power and area.
Related violations: <none>

LUTAR-1#1 Warning
LUT drives async reset alert  
LUT cell mb_block_i/hdmi_controller_0/inst/vga_to_hdmi/inst/encr/oserdes_m_i_1, with 2 or more inputs, drives asynchronous preset/clear pin(s) mb_block_i/hdmi_controller_0/inst/vga_to_hdmi/inst/encg/dout_reg[9]/CLR,
mb_block_i/hdmi_controller_0/inst/vga_to_hdmi/inst/encr/cnt_reg[1]/CLR,
mb_block_i/hdmi_controller_0/inst/vga_to_hdmi/inst/encr/cnt_reg[2]/CLR,
mb_block_i/hdmi_controller_0/inst/vga_to_hdmi/inst/encr/cnt_reg[3]/CLR,
mb_block_i/hdmi_controller_0/inst/vga_to_hdmi/inst/encr/cnt_reg[4]/CLR,
mb_block_i/hdmi_controller_0/inst/vga_to_hdmi/inst/encr/dout_reg[0]/CLR,
mb_block_i/hdmi_controller_0/inst/vga_to_hdmi/inst/encr/dout_reg[1]/CLR,
mb_block_i/hdmi_controller_0/inst/vga_to_hdmi/inst/encr/dout_reg[2]/CLR,
mb_block_i/hdmi_controller_0/inst/vga_to_hdmi/inst/encr/dout_reg[3]/CLR,
mb_block_i/hdmi_controller_0/inst/vga_to_hdmi/inst/encr/dout_reg[4]/CLR,
mb_block_i/hdmi_controller_0/inst/vga_to_hdmi/inst/encr/dout_reg[5]/CLR,
mb_block_i/hdmi_controller_0/inst/vga_to_hdmi/inst/encr/dout_reg[6]/CLR,
mb_block_i/hdmi_controller_0/inst/vga_to_hdmi/inst/encr/dout_reg[7]/CLR,
mb_block_i/hdmi_controller_0/inst/vga_to_hdmi/inst/encr/dout_reg[8]/CLR,
mb_block_i/hdmi_controller_0/inst/vga_to_hdmi/inst/encr/dout_reg[9]/CLR
 (the first 15 of 42 listed). The LUT may glitch and trigger an unexpected reset, even if it is a properly timed path.
Related violations: <none>

LUTAR-1#2 Warning
LUT drives async reset alert  
LUT cell mb_block_i/mdm_1/U0/MDM_Core_I1/JTAG_CONTROL_I/sel_n_i_2, with 2 or more inputs, drives asynchronous preset/clear pin(s) mb_block_i/mdm_1/U0/MDM_Core_I1/JTAG_CONTROL_I/sel_n_reg/PRE. The LUT may glitch and trigger an unexpected reset, even if it is a properly timed path.
Related violations: <none>

LUTAR-1#3 Warning
LUT drives async reset alert  
LUT cell mb_block_i/microblaze_0/U0/MicroBlaze_Core_I/Area.Core/Implement_Debug_Logic.Master_Core.Debug_Area/Serial_Dbg_Intf.force_stop_cmd_rst_i_i_1, with 2 or more inputs, drives asynchronous preset/clear pin(s) mb_block_i/microblaze_0/U0/MicroBlaze_Core_I/Area.Core/Implement_Debug_Logic.Master_Core.Debug_Area/Serial_Dbg_Intf.force_stop_TClk_reg/CLR. The LUT may glitch and trigger an unexpected reset, even if it is a properly timed path.
Related violations: <none>

LUTAR-1#4 Warning
LUT drives async reset alert  
LUT cell mb_block_i/microblaze_0/U0/MicroBlaze_Core_I/Area.Core/Implement_Debug_Logic.Master_Core.Debug_Area/Serial_Dbg_Intf.normal_stop_cmd_rst_i_i_1, with 2 or more inputs, drives asynchronous preset/clear pin(s) mb_block_i/microblaze_0/U0/MicroBlaze_Core_I/Area.Core/Implement_Debug_Logic.Master_Core.Debug_Area/Serial_Dbg_Intf.normal_stop_TClk_reg/CLR. The LUT may glitch and trigger an unexpected reset, even if it is a properly timed path.
Related violations: <none>

TIMING-9#1 Warning
Unknown CDC Logic  
One or more asynchronous Clock Domain Crossing has been detected between 2 clock domains through a set_false_path or a set_clock_groups or set_max_delay -datapath_only constraint but no double-registers logic synchronizer has been found on the side of the capture clock. It is recommended to run report_cdc for a complete and detailed CDC coverage. Please consider using XPM_CDC to avoid Critical severities
Related violations: <none>

TIMING-16#1 Warning
Large setup violation  
There is a large setup violation of -4.351 ns between mb_block_i/axi_gpio_cursor/U0/gpio_core_1/Dual.gpio_Data_Out_reg[15]/C (clocked by clk_out1_mb_lab7_clk_wiz_1_0) and mb_block_i/hdmi_controller_0/inst/vga_to_hdmi/inst/srldly_0/srl[28].srl16_i_srlopt/D (clocked by clk_out1_clk_wiz_0_1). Large setup violations at the end of those stages might be difficult to fix during the post-placement implementation flow and could be the result of non-optimal XDC constraints or non-optimal design architecture
Related violations: <none>

TIMING-16#2 Warning
Large setup violation  
There is a large setup violation of -4.378 ns between mb_block_i/axi_gpio_cursor/U0/gpio_core_1/Dual.gpio_Data_Out_reg[15]/C (clocked by clk_out1_mb_lab7_clk_wiz_1_0) and mb_block_i/hdmi_controller_0/inst/vga_to_hdmi/inst/srldly_0/srl[37].srl16_i_srlopt/D (clocked by clk_out1_clk_wiz_0_1). Large setup violations at the end of those stages might be difficult to fix during the post-placement implementation flow and could be the result of non-optimal XDC constraints or non-optimal design architecture
Related violations: <none>

TIMING-16#3 Warning
Large setup violation  
There is a large setup violation of -4.435 ns between mb_block_i/axi_gpio_cursor/U0/gpio_core_1/Dual.gpio_Data_Out_reg[15]/C (clocked by clk_out1_mb_lab7_clk_wiz_1_0) and mb_block_i/hdmi_controller_0/inst/vga_to_hdmi/inst/srldly_0/srl[21].srl16_i_srlopt/D (clocked by clk_out1_clk_wiz_0_1). Large setup violations at the end of those stages might be difficult to fix during the post-placement implementation flow and could be the result of non-optimal XDC constraints or non-optimal design architecture
Related violations: <none>

TIMING-16#4 Warning
Large setup violation  
There is a large setup violation of -4.475 ns between mb_block_i/axi_gpio_cursor/U0/gpio_core_1/Dual.gpio_Data_Out_reg[15]/C (clocked by clk_out1_mb_lab7_clk_wiz_1_0) and mb_block_i/hdmi_controller_0/inst/vga_to_hdmi/inst/srldly_0/srl[31].srl16_i/D (clocked by clk_out1_clk_wiz_0_1). Large setup violations at the end of those stages might be difficult to fix during the post-placement implementation flow and could be the result of non-optimal XDC constraints or non-optimal design architecture
Related violations: <none>

TIMING-16#5 Warning
Large setup violation  
There is a large setup violation of -4.484 ns between mb_block_i/axi_gpio_cursor/U0/gpio_core_1/Dual.gpio_Data_Out_reg[15]/C (clocked by clk_out1_mb_lab7_clk_wiz_1_0) and mb_block_i/hdmi_controller_0/inst/vga_to_hdmi/inst/srldly_0/srl[20].srl16_i_srlopt/D (clocked by clk_out1_clk_wiz_0_1). Large setup violations at the end of those stages might be difficult to fix during the post-placement implementation flow and could be the result of non-optimal XDC constraints or non-optimal design architecture
Related violations: <none>

TIMING-16#6 Warning
Large setup violation  
There is a large setup violation of -4.516 ns between mb_block_i/axi_gpio_cursor/U0/gpio_core_1/Dual.gpio_Data_Out_reg[15]/C (clocked by clk_out1_mb_lab7_clk_wiz_1_0) and mb_block_i/hdmi_controller_0/inst/vga_to_hdmi/inst/srldly_0/srl[36].srl16_i_srlopt/D (clocked by clk_out1_clk_wiz_0_1). Large setup violations at the end of those stages might be difficult to fix during the post-placement implementation flow and could be the result of non-optimal XDC constraints or non-optimal design architecture
Related violations: <none>

TIMING-16#7 Warning
Large setup violation  
There is a large setup violation of -4.560 ns between mb_block_i/axi_gpio_cursor/U0/gpio_core_1/Dual.gpio_Data_Out_reg[15]/C (clocked by clk_out1_mb_lab7_clk_wiz_1_0) and mb_block_i/hdmi_controller_0/inst/vga_to_hdmi/inst/srldly_0/srl[23].srl16_i_srlopt/D (clocked by clk_out1_clk_wiz_0_1). Large setup violations at the end of those stages might be difficult to fix during the post-placement implementation flow and could be the result of non-optimal XDC constraints or non-optimal design architecture
Related violations: <none>

TIMING-16#8 Warning
Large setup violation  
There is a large setup violation of -4.610 ns between mb_block_i/axi_gpio_cursor/U0/gpio_core_1/Dual.gpio_Data_Out_reg[15]/C (clocked by clk_out1_mb_lab7_clk_wiz_1_0) and mb_block_i/hdmi_controller_0/inst/vga_to_hdmi/inst/srldly_0/srl[38].srl16_i_srlopt/D (clocked by clk_out1_clk_wiz_0_1). Large setup violations at the end of those stages might be difficult to fix during the post-placement implementation flow and could be the result of non-optimal XDC constraints or non-optimal design architecture
Related violations: <none>

TIMING-16#9 Warning
Large setup violation  
There is a large setup violation of -4.612 ns between mb_block_i/axi_gpio_cursor/U0/gpio_core_1/Dual.gpio_Data_Out_reg[15]/C (clocked by clk_out1_mb_lab7_clk_wiz_1_0) and mb_block_i/hdmi_controller_0/inst/vga_to_hdmi/inst/srldly_0/srl[39].srl16_i_srlopt/D (clocked by clk_out1_clk_wiz_0_1). Large setup violations at the end of those stages might be difficult to fix during the post-placement implementation flow and could be the result of non-optimal XDC constraints or non-optimal design architecture
Related violations: <none>

TIMING-16#10 Warning
Large setup violation  
There is a large setup violation of -4.703 ns between mb_block_i/axi_gpio_cursor/U0/gpio_core_1/Dual.gpio_Data_Out_reg[15]/C (clocked by clk_out1_mb_lab7_clk_wiz_1_0) and mb_block_i/hdmi_controller_0/inst/vga_to_hdmi/inst/srldly_0/srl[29].srl16_i_srlopt/D (clocked by clk_out1_clk_wiz_0_1). Large setup violations at the end of those stages might be difficult to fix during the post-placement implementation flow and could be the result of non-optimal XDC constraints or non-optimal design architecture
Related violations: <none>

TIMING-16#11 Warning
Large setup violation  
There is a large setup violation of -4.710 ns between mb_block_i/axi_gpio_cursor/U0/gpio_core_1/Dual.gpio_Data_Out_reg[15]/C (clocked by clk_out1_mb_lab7_clk_wiz_1_0) and mb_block_i/hdmi_controller_0/inst/vga_to_hdmi/inst/srldly_0/srl[22].srl16_i_srlopt/D (clocked by clk_out1_clk_wiz_0_1). Large setup violations at the end of those stages might be difficult to fix during the post-placement implementation flow and could be the result of non-optimal XDC constraints or non-optimal design architecture
Related violations: <none>

TIMING-16#12 Warning
Large setup violation  
There is a large setup violation of -4.719 ns between mb_block_i/axi_gpio_cursor/U0/gpio_core_1/Dual.gpio_Data_Out_reg[15]/C (clocked by clk_out1_mb_lab7_clk_wiz_1_0) and mb_block_i/hdmi_controller_0/inst/vga_to_hdmi/inst/srldly_0/srl[30].srl16_i_srlopt/D (clocked by clk_out1_clk_wiz_0_1). Large setup violations at the end of those stages might be difficult to fix during the post-placement implementation flow and could be the result of non-optimal XDC constraints or non-optimal design architecture
Related violations: <none>

TIMING-18#1 Warning
Missing input or output delay  
An input delay is missing on gpio_usb_int_tri_i[0] relative to clock(s) mb_block_i/clk_wiz_1/inst/clk_in1
Related violations: <none>

TIMING-18#2 Warning
Missing input or output delay  
An input delay is missing on reset_rtl_0 relative to clock(s) clk_100, mb_block_i/clk_wiz_1/inst/clk_in1
Related violations: <none>

TIMING-18#3 Warning
Missing input or output delay  
An input delay is missing on uart_rtl_0_rxd relative to clock(s) mb_block_i/clk_wiz_1/inst/clk_in1
Related violations: <none>

TIMING-18#4 Warning
Missing input or output delay  
An input delay is missing on usb_spi_miso relative to clock(s) mb_block_i/clk_wiz_1/inst/clk_in1
Related violations: <none>

TIMING-18#5 Warning
Missing input or output delay  
An output delay is missing on audio_out relative to clock(s) clk_100
Related violations: <none>

TIMING-18#6 Warning
Missing input or output delay  
An output delay is missing on gpio_usb_rst_tri_o relative to clock(s) mb_block_i/clk_wiz_1/inst/clk_in1
Related violations: <none>

TIMING-18#7 Warning
Missing input or output delay  
An output delay is missing on hex_gridA[0] relative to clock(s) clk_100
Related violations: <none>

TIMING-18#8 Warning
Missing input or output delay  
An output delay is missing on hex_gridA[1] relative to clock(s) clk_100
Related violations: <none>

TIMING-18#9 Warning
Missing input or output delay  
An output delay is missing on hex_gridA[2] relative to clock(s) clk_100
Related violations: <none>

TIMING-18#10 Warning
Missing input or output delay  
An output delay is missing on hex_gridA[3] relative to clock(s) clk_100
Related violations: <none>

TIMING-18#11 Warning
Missing input or output delay  
An output delay is missing on hex_gridB[0] relative to clock(s) clk_100
Related violations: <none>

TIMING-18#12 Warning
Missing input or output delay  
An output delay is missing on hex_gridB[1] relative to clock(s) clk_100
Related violations: <none>

TIMING-18#13 Warning
Missing input or output delay  
An output delay is missing on hex_gridB[2] relative to clock(s) clk_100
Related violations: <none>

TIMING-18#14 Warning
Missing input or output delay  
An output delay is missing on hex_gridB[3] relative to clock(s) clk_100
Related violations: <none>

TIMING-18#15 Warning
Missing input or output delay  
An output delay is missing on hex_segA[0] relative to clock(s) clk_100, mb_block_i/clk_wiz_1/inst/clk_in1
Related violations: <none>

TIMING-18#16 Warning
Missing input or output delay  
An output delay is missing on hex_segA[1] relative to clock(s) clk_100, mb_block_i/clk_wiz_1/inst/clk_in1
Related violations: <none>

TIMING-18#17 Warning
Missing input or output delay  
An output delay is missing on hex_segA[2] relative to clock(s) clk_100, mb_block_i/clk_wiz_1/inst/clk_in1
Related violations: <none>

TIMING-18#18 Warning
Missing input or output delay  
An output delay is missing on hex_segA[3] relative to clock(s) clk_100, mb_block_i/clk_wiz_1/inst/clk_in1
Related violations: <none>

TIMING-18#19 Warning
Missing input or output delay  
An output delay is missing on hex_segA[4] relative to clock(s) clk_100, mb_block_i/clk_wiz_1/inst/clk_in1
Related violations: <none>

TIMING-18#20 Warning
Missing input or output delay  
An output delay is missing on hex_segA[5] relative to clock(s) clk_100, mb_block_i/clk_wiz_1/inst/clk_in1
Related violations: <none>

TIMING-18#21 Warning
Missing input or output delay  
An output delay is missing on hex_segA[6] relative to clock(s) clk_100, mb_block_i/clk_wiz_1/inst/clk_in1
Related violations: <none>

TIMING-18#22 Warning
Missing input or output delay  
An output delay is missing on hex_segA[7] relative to clock(s) clk_100, mb_block_i/clk_wiz_1/inst/clk_in1
Related violations: <none>

TIMING-18#23 Warning
Missing input or output delay  
An output delay is missing on hex_segB[0] relative to clock(s) clk_100, mb_block_i/clk_wiz_1/inst/clk_in1
Related violations: <none>

TIMING-18#24 Warning
Missing input or output delay  
An output delay is missing on hex_segB[1] relative to clock(s) clk_100, mb_block_i/clk_wiz_1/inst/clk_in1
Related violations: <none>

TIMING-18#25 Warning
Missing input or output delay  
An output delay is missing on hex_segB[2] relative to clock(s) clk_100, mb_block_i/clk_wiz_1/inst/clk_in1
Related violations: <none>

TIMING-18#26 Warning
Missing input or output delay  
An output delay is missing on hex_segB[3] relative to clock(s) clk_100, mb_block_i/clk_wiz_1/inst/clk_in1
Related violations: <none>

TIMING-18#27 Warning
Missing input or output delay  
An output delay is missing on hex_segB[4] relative to clock(s) clk_100, mb_block_i/clk_wiz_1/inst/clk_in1
Related violations: <none>

TIMING-18#28 Warning
Missing input or output delay  
An output delay is missing on hex_segB[5] relative to clock(s) clk_100, mb_block_i/clk_wiz_1/inst/clk_in1
Related violations: <none>

TIMING-18#29 Warning
Missing input or output delay  
An output delay is missing on hex_segB[6] relative to clock(s) clk_100, mb_block_i/clk_wiz_1/inst/clk_in1
Related violations: <none>

TIMING-18#30 Warning
Missing input or output delay  
An output delay is missing on hex_segB[7] relative to clock(s) clk_100, mb_block_i/clk_wiz_1/inst/clk_in1
Related violations: <none>

TIMING-18#31 Warning
Missing input or output delay  
An output delay is missing on uart_rtl_0_txd relative to clock(s) mb_block_i/clk_wiz_1/inst/clk_in1
Related violations: <none>

TIMING-18#32 Warning
Missing input or output delay  
An output delay is missing on usb_spi_mosi relative to clock(s) mb_block_i/clk_wiz_1/inst/clk_in1
Related violations: <none>

TIMING-18#33 Warning
Missing input or output delay  
An output delay is missing on usb_spi_sclk relative to clock(s) mb_block_i/clk_wiz_1/inst/clk_in1
Related violations: <none>

TIMING-18#34 Warning
Missing input or output delay  
An output delay is missing on usb_spi_ss relative to clock(s) mb_block_i/clk_wiz_1/inst/clk_in1
Related violations: <none>


